<?xml version="1.0" encoding="UTF-8"?>
<!-- Generated by org.testng.reporters.JUnitReportReporter -->
<testsuite name="com.t360.test.MessengerSocketTest" tests="4" time="2.054" ignored="0" failures="0" timestamp="01 Mar 2017 18:25:21 GMT" skipped="0" hostname="MacbookPros-MacBook-Pro.local" errors="0">
  <testcase name="runMessengerSameJavaProcessTwoClient" time="0.003" classname="com.t360.test.MessengerSocketTest"/>
  <testcase name="runMessengerSeperateJavaProcessAllParam" time="1.008" classname="com.t360.test.MessengerSocketTest"/>
  <testcase name="runMessengerSameJavaProcessDefault" time="0.035" classname="com.t360.test.MessengerSocketTest"/>
  <testcase name="runMessengerSeperateJavaProcessAllParamTwoClient" time="1.008" classname="com.t360.test.MessengerSocketTest"/>
</testsuite> <!-- com.t360.test.MessengerSocketTest -->
