<?xml version="1.0" encoding="UTF-8"?>
<!-- Generated by org.testng.reporters.JUnitReportReporter -->
<testsuite name="com.t360.test.MessengerTest" tests="4" time="2.054" ignored="0" failures="0" timestamp="26 Feb 2017 19:16:16 GMT" skipped="0" hostname="MacbookPros-MacBook-Pro.local" errors="0">
  <testcase name="runMessengerSameJavaProcessTwoClient" time="0.006" classname="com.t360.test.MessengerTest"/>
  <testcase name="runMessengerSeperateJavaProcessAllParam" time="1.010" classname="com.t360.test.MessengerTest"/>
  <testcase name="runMessengerSameJavaProcessDefault" time="0.024" classname="com.t360.test.MessengerTest"/>
  <testcase name="runMessengerSeperateJavaProcessAllParamTwoClient" time="1.014" classname="com.t360.test.MessengerTest"/>
</testsuite> <!-- com.t360.test.MessengerTest -->
