<?xml version="1.0" encoding="UTF-8"?>
<!-- Generated by org.testng.reporters.JUnitReportReporter -->
<testsuite name="com.t360.test.MessengerNioSocketTest" tests="1" time="2.852" ignored="3" failures="0" timestamp="28 Feb 2017 20:14:04 GMT" skipped="0" hostname="MacbookPros-MacBook-Pro.local" errors="0">
  <testcase name="runMessengerSameJavaProcessDefault" time="2.852" classname="com.t360.test.MessengerNioSocketTest"/>
  <testcase name="runMessengerSameJavaProcessTwoClient" classname="com.t360.test.MessengerNioSocketTest">
    <skipped/>
  </testcase> <!-- runMessengerSameJavaProcessTwoClient -->
  <testcase name="runMessengerSeperateJavaProcessAllParamTwoClient" classname="com.t360.test.MessengerNioSocketTest">
    <skipped/>
  </testcase> <!-- runMessengerSeperateJavaProcessAllParamTwoClient -->
  <testcase name="runMessengerSeperateJavaProcessAllParam" classname="com.t360.test.MessengerNioSocketTest">
    <skipped/>
  </testcase> <!-- runMessengerSeperateJavaProcessAllParam -->
</testsuite> <!-- com.t360.test.MessengerNioSocketTest -->
