<?xml version="1.0" encoding="UTF-8"?>
<!-- Generated by org.testng.reporters.JUnitReportReporter -->
<testsuite name="com.t360.test.MessengerSocketTest" tests="4" time="2.053" ignored="0" failures="0" timestamp="04 Mar 2017 21:46:10 GMT" skipped="0" hostname="MacbookPros-MacBook-Pro.local" errors="0">
  <testcase name="runMessengerSameJavaProcessDefault" time="0.027" classname="com.t360.test.MessengerSocketTest"/>
  <testcase name="runMessengerSeperateJavaProcessAllParamTwoClient" time="1.004" classname="com.t360.test.MessengerSocketTest"/>
  <testcase name="runMessengerSameJavaProcessTwoClient" time="0.015" classname="com.t360.test.MessengerSocketTest"/>
  <testcase name="runMessengerSeperateJavaProcessAllParam" time="1.007" classname="com.t360.test.MessengerSocketTest"/>
</testsuite> <!-- com.t360.test.MessengerSocketTest -->
